<?xml version="1.0" encoding="UTF-8"?>
<robot generator="Robot 5.0.1 (Python 3.10.5 on win32)" generated="20220801 10:46:10.051" rpa="false" schemaversion="3">
<suite id="s1" name="Test Cases" source="C:\Users\DavangaG\PycharmProjects\ROBOTFRAMEWORK\APITESTING\test_cases.robot">
<test id="s1-t1" name="TC_001_Verify_Non_Ssl_Get_user_details" line="17">
<kw name="Get User Api non ssl">
<kw name="Create Session" library="RequestsLibrary">
<arg>mysession</arg>
<arg>${Base_URl}</arg>
<arg>verify=False</arg>
<doc>Create Session: create a HTTP session to a server</doc>
<msg timestamp="20220801 10:46:10.619" level="INFO">Creating Session using : alias=mysession, url=https://gorest.co.in, headers={},                     cookies={}, auth=None, timeout=None, proxies=None, verify=False,                     debug=0 </msg>
<status status="PASS" starttime="20220801 10:46:10.619" endtime="20220801 10:46:10.619"/>
</kw>
<kw name="GET On Session" library="RequestsLibrary">
<var>${response}</var>
<arg>mysession</arg>
<arg>${endpoint}</arg>
<doc>Sends a GET request on a previously created HTTP Session.</doc>
<msg timestamp="20220801 10:46:11.404" level="INFO">GET Request : url=https://gorest.co.in/public/v2/users/24 
 path_url=/public/v2/users/24 
 headers={'User-Agent': 'python-requests/2.28.1', 'Accept-Encoding': 'gzip, deflate', 'Accept': '*/*', 'Connection': 'keep-alive'} 
 body=None 
 </msg>
<msg timestamp="20220801 10:46:11.404" level="INFO">GET Response : url=https://gorest.co.in/public/v2/users/24 
 status=200, reason=OK 
 headers={'Date': 'Mon, 01 Aug 2022 05:16:11 GMT', 'Content-Type': 'application/json; charset=utf-8', 'Transfer-Encoding': 'chunked', 'Connection': 'keep-alive', 'Vary': 'Accept-Encoding, Origin', 'X-Frame-Options': 'SAMEORIGIN', 'X-XSS-Protection': '0', 'X-Content-Type-Options': 'nosniff', 'X-Download-Options': 'noopen', 'X-Permitted-Cross-Domain-Policies': 'none', 'Referrer-Policy': 'strict-origin-when-cross-origin', 'ETag': 'W/"00f0ccc730cdd28f58dcf15701a3762e"', 'Cache-Control': 'max-age=0, private, must-revalidate', 'X-Request-Id': '98d9a6ea-6aee-4c51-94e4-1688ee7d660e', 'X-Runtime': '0.003505', 'Strict-Transport-Security': 'max-age=63072000; includeSubDomains', 'Content-Encoding': 'gzip', 'CF-Cache-Status': 'DYNAMIC', 'Expect-CT': 'max-age=604800, report-uri="https://report-uri.cloudflare.com/cdn-cgi/beacon/expect-ct"', 'Report-To': '{"endpoints":[{"url":"https:\\/\\/a.nel.cloudflare.com\\/report\\/v3?s=2nRRiZecsQDlRGQTPuBMbxKK1IeN%2BCa%2Fh1Urf2bHe9WD2%2FFHZuZROAczue8dSDMGDn55OLxz1zIkEbW%2BLddNNX7RBeCJa6qby7nuEzj6Evjbax8b6fxGggKGI8ZDGPEMI7V%2Fc%2B2mq7%2F2NHg%3D"}],"group":"cf-nel","max_age":604800}', 'NEL': '{"success_fraction":0,"report_to":"cf-nel","max_age":604800}', 'Server': 'cloudflare', 'CF-RAY': '733c19aa7980862c-BOM', 'alt-svc': 'h3=":443"; ma=86400, h3-29=":443"; ma=86400'} 
 body={"id":24,"name":"Rohana Gill","email":"gill_rohana@labadie.name","gender":"male","status":"inactive"} 
 </msg>
<msg timestamp="20220801 10:46:11.404" level="INFO">C:\Users\DavangaG\PycharmProjects\ROBOTFRAMEWORK\venv\lib\site-packages\urllib3\connectionpool.py:1045: InsecureRequestWarning: Unverified HTTPS request is being made to host 'gorest.co.in'. Adding certificate verification is strongly advised. See: https://urllib3.readthedocs.io/en/1.26.x/advanced-usage.html#ssl-warnings
  warnings.warn(</msg>
<msg timestamp="20220801 10:46:11.407" level="INFO">${response} = &lt;Response [200]&gt;</msg>
<status status="PASS" starttime="20220801 10:46:10.619" endtime="20220801 10:46:11.407"/>
</kw>
<kw name="Status Should Be" library="RequestsLibrary">
<arg>200</arg>
<arg>${response}</arg>
<doc>Fails if response status code is different than the expected.</doc>
<status status="PASS" starttime="20220801 10:46:11.407" endtime="20220801 10:46:11.408"/>
</kw>
<kw name="Log" library="BuiltIn">
<arg>to console ${response.status_code}</arg>
<doc>Logs the given message with the given level.</doc>
<msg timestamp="20220801 10:46:11.408" level="INFO">to console 200</msg>
<status status="PASS" starttime="20220801 10:46:11.408" endtime="20220801 10:46:11.408"/>
</kw>
<status status="PASS" starttime="20220801 10:46:10.619" endtime="20220801 10:46:11.408"/>
</kw>
<status status="PASS" starttime="20220801 10:46:10.618" endtime="20220801 10:46:11.414"/>
</test>
<test id="s1-t2" name="TC_002_Get_user_details_verify_status_code" line="20">
<kw name="Verify status code Get User Api">
<kw name="Create Session" library="RequestsLibrary">
<arg>mysession</arg>
<arg>${Base_URl}</arg>
<doc>Create Session: create a HTTP session to a server</doc>
<msg timestamp="20220801 10:46:11.421" level="INFO">Creating Session using : alias=mysession, url=https://gorest.co.in, headers={},                     cookies={}, auth=None, timeout=None, proxies=None, verify=False,                     debug=0 </msg>
<status status="PASS" starttime="20220801 10:46:11.421" endtime="20220801 10:46:11.421"/>
</kw>
<kw name="GET On Session" library="RequestsLibrary">
<var>${response}</var>
<arg>mysession</arg>
<arg>${endpoint}</arg>
<doc>Sends a GET request on a previously created HTTP Session.</doc>
<msg timestamp="20220801 10:46:12.358" level="INFO">GET Request : url=https://gorest.co.in/public/v2/users/24 
 path_url=/public/v2/users/24 
 headers={'User-Agent': 'python-requests/2.28.1', 'Accept-Encoding': 'gzip, deflate', 'Accept': '*/*', 'Connection': 'keep-alive'} 
 body=None 
 </msg>
<msg timestamp="20220801 10:46:12.358" level="INFO">GET Response : url=https://gorest.co.in/public/v2/users/24 
 status=200, reason=OK 
 headers={'Date': 'Mon, 01 Aug 2022 05:16:12 GMT', 'Content-Type': 'application/json; charset=utf-8', 'Transfer-Encoding': 'chunked', 'Connection': 'keep-alive', 'Vary': 'Accept-Encoding, Origin', 'X-Frame-Options': 'SAMEORIGIN', 'X-XSS-Protection': '0', 'X-Content-Type-Options': 'nosniff', 'X-Download-Options': 'noopen', 'X-Permitted-Cross-Domain-Policies': 'none', 'Referrer-Policy': 'strict-origin-when-cross-origin', 'ETag': 'W/"00f0ccc730cdd28f58dcf15701a3762e"', 'Cache-Control': 'max-age=0, private, must-revalidate', 'X-Request-Id': 'ebb3af4d-8971-413e-aa1f-3396b30275be', 'X-Runtime': '0.003731', 'Strict-Transport-Security': 'max-age=63072000; includeSubDomains', 'Content-Encoding': 'gzip', 'CF-Cache-Status': 'DYNAMIC', 'Expect-CT': 'max-age=604800, report-uri="https://report-uri.cloudflare.com/cdn-cgi/beacon/expect-ct"', 'Report-To': '{"endpoints":[{"url":"https:\\/\\/a.nel.cloudflare.com\\/report\\/v3?s=hqvXyUVFm%2Bgf8Jaz6xrS7bQ9aBn53XLIrbf93VSQaQLtAnatglwbhlnUo0Z0%2BiJiKfj7uqyEb%2BlUvLZ6yvp48NDMoaKlmKG0pvwmJ1PwiLedvj%2F%2B6UfSs2%2BKpC3%2BGBWYL3F54vIVyFaEpS0%3D"}],"group":"cf-nel","max_age":604800}', 'NEL': '{"success_fraction":0,"report_to":"cf-nel","max_age":604800}', 'Server': 'cloudflare', 'CF-RAY': '733c19b03d1531ff-BOM', 'alt-svc': 'h3=":443"; ma=86400, h3-29=":443"; ma=86400'} 
 body={"id":24,"name":"Rohana Gill","email":"gill_rohana@labadie.name","gender":"male","status":"inactive"} 
 </msg>
<msg timestamp="20220801 10:46:12.358" level="INFO">C:\Users\DavangaG\PycharmProjects\ROBOTFRAMEWORK\venv\lib\site-packages\urllib3\connectionpool.py:1045: InsecureRequestWarning: Unverified HTTPS request is being made to host 'gorest.co.in'. Adding certificate verification is strongly advised. See: https://urllib3.readthedocs.io/en/1.26.x/advanced-usage.html#ssl-warnings
  warnings.warn(</msg>
<msg timestamp="20220801 10:46:12.361" level="INFO">${response} = &lt;Response [200]&gt;</msg>
<status status="PASS" starttime="20220801 10:46:11.421" endtime="20220801 10:46:12.361"/>
</kw>
<kw name="Log" library="BuiltIn">
<arg>to console ${response.status_code}</arg>
<doc>Logs the given message with the given level.</doc>
<msg timestamp="20220801 10:46:12.362" level="INFO">to console 200</msg>
<status status="PASS" starttime="20220801 10:46:12.361" endtime="20220801 10:46:12.362"/>
</kw>
<kw name="Status Should Be" library="RequestsLibrary">
<arg>200</arg>
<arg>${response}</arg>
<doc>Fails if response status code is different than the expected.</doc>
<status status="PASS" starttime="20220801 10:46:12.362" endtime="20220801 10:46:12.362"/>
</kw>
<status status="PASS" starttime="20220801 10:46:11.420" endtime="20220801 10:46:12.362"/>
</kw>
<status status="PASS" starttime="20220801 10:46:11.418" endtime="20220801 10:46:12.372"/>
</test>
<test id="s1-t3" name="TC_003_Create_New_User_Api" line="23">
<kw name="Create New user Api">
<kw name="Create Session" library="RequestsLibrary">
<arg>mysession</arg>
<arg>${Base_URl}</arg>
<doc>Create Session: create a HTTP session to a server</doc>
<msg timestamp="20220801 10:46:12.377" level="INFO">Creating Session using : alias=mysession, url=https://gorest.co.in, headers={},                     cookies={}, auth=None, timeout=None, proxies=None, verify=False,                     debug=0 </msg>
<status status="PASS" starttime="20220801 10:46:12.377" endtime="20220801 10:46:12.377"/>
</kw>
<kw name="Create Dictionary" library="BuiltIn">
<var>${body}</var>
<arg>firstname=test34 gender=female status=active</arg>
<arg>email=test19@gmail.com</arg>
<doc>Creates and returns a dictionary based on the given ``items``.</doc>
<msg timestamp="20220801 10:46:12.377" level="INFO">${body} = {'firstname': 'test34 gender=female status=active', 'email': 'test19@gmail.com'}</msg>
<status status="PASS" starttime="20220801 10:46:12.377" endtime="20220801 10:46:12.377"/>
</kw>
<kw name="Create Dictionary" library="BuiltIn">
<var>${headers}</var>
<arg>Authorization=${bearertoken}</arg>
<doc>Creates and returns a dictionary based on the given ``items``.</doc>
<msg timestamp="20220801 10:46:12.377" level="INFO">${headers} = {'Authorization': '"Bearer 0b835b2ef92904c99ed311419f09ddb3bb4373669c586ac900c8200376f4874d"'}</msg>
<status status="PASS" starttime="20220801 10:46:12.377" endtime="20220801 10:46:12.377"/>
</kw>
<kw name="POST On Session" library="RequestsLibrary">
<var>${response}</var>
<arg>/public/v2/users</arg>
<arg>data=${body}</arg>
<arg>headers=${headers}</arg>
<doc>Sends a POST request on a previously created HTTP Session.</doc>
<msg timestamp="20220801 10:46:12.387" level="WARN">You might have an = symbol in url. You better place 'url=' before, example: 'url=/your-url/foo?param=a' or use '/your-url/foo  params=param=a' or escape it</msg>
<msg timestamp="20220801 10:46:12.392" level="FAIL">TypeError: RequestsOnSessionKeywords.post_on_session() missing 1 required positional argument: 'url'</msg>
<status status="FAIL" starttime="20220801 10:46:12.377" endtime="20220801 10:46:12.397"/>
</kw>
<kw name="Log" library="BuiltIn">
<arg>to console ${response.status_code}</arg>
<doc>Logs the given message with the given level.</doc>
<status status="NOT RUN" starttime="20220801 10:46:12.398" endtime="20220801 10:46:12.398"/>
</kw>
<kw name="Convert To String" library="BuiltIn">
<var>${status_code}</var>
<arg>${response.status_code}</arg>
<doc>Converts the given item to a Unicode string.</doc>
<status status="NOT RUN" starttime="20220801 10:46:12.398" endtime="20220801 10:46:12.398"/>
</kw>
<kw name="Should Be Equal" library="BuiltIn">
<arg>${status_code}</arg>
<arg>201</arg>
<doc>Fails if the given objects are unequal.</doc>
<status status="NOT RUN" starttime="20220801 10:46:12.398" endtime="20220801 10:46:12.398"/>
</kw>
<status status="FAIL" starttime="20220801 10:46:12.377" endtime="20220801 10:46:12.398"/>
</kw>
<status status="FAIL" starttime="20220801 10:46:12.377" endtime="20220801 10:46:12.406">TypeError: RequestsOnSessionKeywords.post_on_session() missing 1 required positional argument: 'url'</status>
</test>
<test id="s1-t4" name="TC_004_Validate_Response_Has_Valid_Json_data" line="26">
<kw name="Verify Response has valid Json Data">
<kw name="Create Session" library="RequestsLibrary">
<arg>mysession</arg>
<arg>${Base_URl}</arg>
<doc>Create Session: create a HTTP session to a server</doc>
<msg timestamp="20220801 10:46:12.415" level="INFO">Creating Session using : alias=mysession, url=https://gorest.co.in, headers={},                     cookies={}, auth=None, timeout=None, proxies=None, verify=False,                     debug=0 </msg>
<status status="PASS" starttime="20220801 10:46:12.415" endtime="20220801 10:46:12.415"/>
</kw>
<kw name="GET On Session" library="RequestsLibrary">
<var>${get_response}</var>
<arg>mysession</arg>
<arg>${endpoint}</arg>
<doc>Sends a GET request on a previously created HTTP Session.</doc>
<msg timestamp="20220801 10:46:13.032" level="INFO">GET Request : url=https://gorest.co.in/public/v2/users/24 
 path_url=/public/v2/users/24 
 headers={'User-Agent': 'python-requests/2.28.1', 'Accept-Encoding': 'gzip, deflate', 'Accept': '*/*', 'Connection': 'keep-alive'} 
 body=None 
 </msg>
<msg timestamp="20220801 10:46:13.032" level="INFO">GET Response : url=https://gorest.co.in/public/v2/users/24 
 status=200, reason=OK 
 headers={'Date': 'Mon, 01 Aug 2022 05:16:12 GMT', 'Content-Type': 'application/json; charset=utf-8', 'Transfer-Encoding': 'chunked', 'Connection': 'keep-alive', 'Vary': 'Accept-Encoding, Origin', 'X-Frame-Options': 'SAMEORIGIN', 'X-XSS-Protection': '0', 'X-Content-Type-Options': 'nosniff', 'X-Download-Options': 'noopen', 'X-Permitted-Cross-Domain-Policies': 'none', 'Referrer-Policy': 'strict-origin-when-cross-origin', 'ETag': 'W/"00f0ccc730cdd28f58dcf15701a3762e"', 'Cache-Control': 'max-age=0, private, must-revalidate', 'X-Request-Id': 'c5b6b88b-fab6-4dcb-85be-02bad6c4af0b', 'X-Runtime': '0.003826', 'Strict-Transport-Security': 'max-age=63072000; includeSubDomains', 'Content-Encoding': 'gzip', 'CF-Cache-Status': 'DYNAMIC', 'Expect-CT': 'max-age=604800, report-uri="https://report-uri.cloudflare.com/cdn-cgi/beacon/expect-ct"', 'Report-To': '{"endpoints":[{"url":"https:\\/\\/a.nel.cloudflare.com\\/report\\/v3?s=JDTxYsprSALGhfLVqcchu80Q%2BYXwM1qIM2%2Fp91YX6%2F5aMj75T21ZUPvI%2F0fRCVvRmI7%2FhF0FgKT4neIVVNVujO5iavMHBJMBAMJQaDXEESatmyDhy2OA5YTiToLZK9NzpyGSseUjd0eStXk%3D"}],"group":"cf-nel","max_age":604800}', 'NEL': '{"success_fraction":0,"report_to":"cf-nel","max_age":604800}', 'Server': 'cloudflare', 'CF-RAY': '733c19b49fdd31f3-BOM', 'alt-svc': 'h3=":443"; ma=86400, h3-29=":443"; ma=86400'} 
 body={"id":24,"name":"Rohana Gill","email":"gill_rohana@labadie.name","gender":"male","status":"inactive"} 
 </msg>
<msg timestamp="20220801 10:46:13.032" level="INFO">C:\Users\DavangaG\PycharmProjects\ROBOTFRAMEWORK\venv\lib\site-packages\urllib3\connectionpool.py:1045: InsecureRequestWarning: Unverified HTTPS request is being made to host 'gorest.co.in'. Adding certificate verification is strongly advised. See: https://urllib3.readthedocs.io/en/1.26.x/advanced-usage.html#ssl-warnings
  warnings.warn(</msg>
<msg timestamp="20220801 10:46:13.036" level="INFO">${get_response} = &lt;Response [200]&gt;</msg>
<status status="PASS" starttime="20220801 10:46:12.415" endtime="20220801 10:46:13.036"/>
</kw>
<kw name="Log" library="BuiltIn">
<arg>to console ${get_response}</arg>
<doc>Logs the given message with the given level.</doc>
<msg timestamp="20220801 10:46:13.037" level="INFO">to console &lt;Response [200]&gt;</msg>
<status status="PASS" starttime="20220801 10:46:13.036" endtime="20220801 10:46:13.037"/>
</kw>
<kw name="Set Variable" library="BuiltIn">
<var>${json_response}</var>
<arg>${get_response.json()}</arg>
<doc>Returns the given values which can then be assigned to a variables.</doc>
<msg timestamp="20220801 10:46:13.041" level="INFO">${json_response} = {'id': 24, 'name': 'Rohana Gill', 'email': 'gill_rohana@labadie.name', 'gender': 'male', 'status': 'inactive'}</msg>
<status status="PASS" starttime="20220801 10:46:13.037" endtime="20220801 10:46:13.041"/>
</kw>
<kw name="Log To Console" library="BuiltIn">
<arg>${json_response}</arg>
<doc>Logs the given message to the console.</doc>
<status status="PASS" starttime="20220801 10:46:13.041" endtime="20220801 10:46:13.041"/>
</kw>
<kw name="Get Value From Json" library="JSONLibrary">
<var>@{email_adress}</var>
<arg>${json_response}</arg>
<arg>email</arg>
<doc>Get Value From JSON using JSONPath</doc>
<msg timestamp="20220801 10:46:13.088" level="INFO">@{email_adress} = [ gill_rohana@labadie.name ]</msg>
<status status="PASS" starttime="20220801 10:46:13.041" endtime="20220801 10:46:13.102"/>
</kw>
<kw name="Log To Console" library="BuiltIn">
<arg>@{email_adress}</arg>
<doc>Logs the given message to the console.</doc>
<status status="PASS" starttime="20220801 10:46:13.102" endtime="20220801 10:46:13.104"/>
</kw>
<kw name="Log To Console" library="BuiltIn">
<arg>@{email_adress}</arg>
<arg>gandhi_trilok@mayer.net</arg>
<doc>Logs the given message to the console.</doc>
<status status="PASS" starttime="20220801 10:46:13.104" endtime="20220801 10:46:13.106"/>
</kw>
<kw name="Get Value From Json" library="JSONLibrary">
<var>${id}</var>
<arg>${json_response}</arg>
<arg>id</arg>
<doc>Get Value From JSON using JSONPath</doc>
<msg timestamp="20220801 10:46:13.151" level="INFO">${id} = [24]</msg>
<status status="PASS" starttime="20220801 10:46:13.106" endtime="20220801 10:46:13.151"/>
</kw>
<kw name="Get From List" library="Collections">
<var>${idFromList}</var>
<arg>${id}</arg>
<arg>0</arg>
<doc>Returns the value specified with an ``index`` from ``list``.</doc>
<msg timestamp="20220801 10:46:13.153" level="INFO">${idFromList} = 24</msg>
<status status="PASS" starttime="20220801 10:46:13.153" endtime="20220801 10:46:13.154"/>
</kw>
<kw name="Convert To String" library="BuiltIn">
<var>${idFromListAsString}</var>
<arg>${idFromList}</arg>
<doc>Converts the given item to a Unicode string.</doc>
<msg timestamp="20220801 10:46:13.154" level="INFO">${idFromListAsString} = 24</msg>
<status status="PASS" starttime="20220801 10:46:13.154" endtime="20220801 10:46:13.154"/>
</kw>
<kw name="Log To Console" library="BuiltIn">
<arg>${id}</arg>
<doc>Logs the given message to the console.</doc>
<status status="PASS" starttime="20220801 10:46:13.155" endtime="20220801 10:46:13.156"/>
</kw>
<kw name="Should Be Equal As Strings" library="BuiltIn">
<arg>${idFromListAsString}</arg>
<arg>24</arg>
<doc>Fails if objects are unequal after converting them to strings.</doc>
<status status="PASS" starttime="20220801 10:46:13.156" endtime="20220801 10:46:13.156"/>
</kw>
<kw name="Get Value From Json" library="JSONLibrary">
<var>@{name}</var>
<arg>${json_response}</arg>
<arg>name</arg>
<doc>Get Value From JSON using JSONPath</doc>
<msg timestamp="20220801 10:46:13.192" level="INFO">@{name} = [ Rohana Gill ]</msg>
<status status="PASS" starttime="20220801 10:46:13.156" endtime="20220801 10:46:13.192"/>
</kw>
<kw name="Get From List" library="Collections">
<var>${nameFromList}</var>
<arg>${name}</arg>
<arg>0</arg>
<doc>Returns the value specified with an ``index`` from ``list``.</doc>
<msg timestamp="20220801 10:46:13.192" level="INFO">${nameFromList} = Rohana Gill</msg>
<status status="PASS" starttime="20220801 10:46:13.192" endtime="20220801 10:46:13.192"/>
</kw>
<kw name="Log To Console" library="BuiltIn">
<arg>@{name}</arg>
<doc>Logs the given message to the console.</doc>
<status status="PASS" starttime="20220801 10:46:13.192" endtime="20220801 10:46:13.198"/>
</kw>
<kw name="Should Be Equal As Strings" library="BuiltIn">
<arg>${nameFromList}</arg>
<arg>Rohana Gill</arg>
<doc>Fails if objects are unequal after converting them to strings.</doc>
<status status="PASS" starttime="20220801 10:46:13.198" endtime="20220801 10:46:13.198"/>
</kw>
<status status="PASS" starttime="20220801 10:46:12.414" endtime="20220801 10:46:13.198"/>
</kw>
<status status="PASS" starttime="20220801 10:46:12.413" endtime="20220801 10:46:13.199"/>
</test>
<test id="s1-t5" name="TC_005_Verify_Response_Has_Email_Adress" line="29">
<kw name="Verify Response has Email">
<kw name="Create Session" library="RequestsLibrary">
<arg>mysession</arg>
<arg>${Base_URl}</arg>
<doc>Create Session: create a HTTP session to a server</doc>
<msg timestamp="20220801 10:46:13.203" level="INFO">Creating Session using : alias=mysession, url=https://gorest.co.in, headers={},                     cookies={}, auth=None, timeout=None, proxies=None, verify=False,                     debug=0 </msg>
<status status="PASS" starttime="20220801 10:46:13.203" endtime="20220801 10:46:13.204"/>
</kw>
<kw name="GET On Session" library="RequestsLibrary">
<var>${get_response}</var>
<arg>mysession</arg>
<arg>${endpoint}</arg>
<doc>Sends a GET request on a previously created HTTP Session.</doc>
<msg timestamp="20220801 10:46:13.996" level="INFO">GET Request : url=https://gorest.co.in/public/v2/users/24 
 path_url=/public/v2/users/24 
 headers={'User-Agent': 'python-requests/2.28.1', 'Accept-Encoding': 'gzip, deflate', 'Accept': '*/*', 'Connection': 'keep-alive'} 
 body=None 
 </msg>
<msg timestamp="20220801 10:46:13.997" level="INFO">GET Response : url=https://gorest.co.in/public/v2/users/24 
 status=200, reason=OK 
 headers={'Date': 'Mon, 01 Aug 2022 05:16:13 GMT', 'Content-Type': 'application/json; charset=utf-8', 'Transfer-Encoding': 'chunked', 'Connection': 'keep-alive', 'Vary': 'Accept-Encoding, Origin', 'X-Frame-Options': 'SAMEORIGIN', 'X-XSS-Protection': '0', 'X-Content-Type-Options': 'nosniff', 'X-Download-Options': 'noopen', 'X-Permitted-Cross-Domain-Policies': 'none', 'Referrer-Policy': 'strict-origin-when-cross-origin', 'ETag': 'W/"00f0ccc730cdd28f58dcf15701a3762e"', 'Cache-Control': 'max-age=0, private, must-revalidate', 'X-Request-Id': '929830f6-8c8e-4a5c-a29e-941e8a3c8afd', 'X-Runtime': '0.003898', 'Strict-Transport-Security': 'max-age=63072000; includeSubDomains', 'Content-Encoding': 'gzip', 'CF-Cache-Status': 'DYNAMIC', 'Expect-CT': 'max-age=604800, report-uri="https://report-uri.cloudflare.com/cdn-cgi/beacon/expect-ct"', 'Report-To': '{"endpoints":[{"url":"https:\\/\\/a.nel.cloudflare.com\\/report\\/v3?s=GCONskgJB5%2FJN9dhAM3NXs8dA64LFQ%2BuUkKs%2FH2SvpfwKvENcgJxcfWCWDUGVKKtrA5ybAXYIcU6aLuVfCw7aH7mgUFsuPtH%2FSkL5Vp8ZvPEb7nN8jfZKERXeG6zOzY5z0zT64W2VVpwmlg%3D"}],"group":"cf-nel","max_age":604800}', 'NEL': '{"success_fraction":0,"report_to":"cf-nel","max_age":604800}', 'Server': 'cloudflare', 'CF-RAY': '733c19baafd2856b-BOM', 'alt-svc': 'h3=":443"; ma=86400, h3-29=":443"; ma=86400'} 
 body={"id":24,"name":"Rohana Gill","email":"gill_rohana@labadie.name","gender":"male","status":"inactive"} 
 </msg>
<msg timestamp="20220801 10:46:13.997" level="INFO">C:\Users\DavangaG\PycharmProjects\ROBOTFRAMEWORK\venv\lib\site-packages\urllib3\connectionpool.py:1045: InsecureRequestWarning: Unverified HTTPS request is being made to host 'gorest.co.in'. Adding certificate verification is strongly advised. See: https://urllib3.readthedocs.io/en/1.26.x/advanced-usage.html#ssl-warnings
  warnings.warn(</msg>
<msg timestamp="20220801 10:46:13.998" level="INFO">${get_response} = &lt;Response [200]&gt;</msg>
<status status="PASS" starttime="20220801 10:46:13.204" endtime="20220801 10:46:13.998"/>
</kw>
<kw name="Log" library="BuiltIn">
<arg>to console ${get_response}</arg>
<doc>Logs the given message with the given level.</doc>
<msg timestamp="20220801 10:46:13.999" level="INFO">to console &lt;Response [200]&gt;</msg>
<status status="PASS" starttime="20220801 10:46:13.998" endtime="20220801 10:46:13.999"/>
</kw>
<kw name="Set Variable" library="BuiltIn">
<var>${json_response}</var>
<arg>${get_response.json()}</arg>
<doc>Returns the given values which can then be assigned to a variables.</doc>
<msg timestamp="20220801 10:46:13.999" level="INFO">${json_response} = {'id': 24, 'name': 'Rohana Gill', 'email': 'gill_rohana@labadie.name', 'gender': 'male', 'status': 'inactive'}</msg>
<status status="PASS" starttime="20220801 10:46:13.999" endtime="20220801 10:46:13.999"/>
</kw>
<kw name="Log To Console" library="BuiltIn">
<arg>${json_response}</arg>
<doc>Logs the given message to the console.</doc>
<status status="PASS" starttime="20220801 10:46:13.999" endtime="20220801 10:46:13.999"/>
</kw>
<kw name="Get Value From Json" library="JSONLibrary">
<var>@{email_adress}</var>
<arg>${json_response}</arg>
<arg>email</arg>
<doc>Get Value From JSON using JSONPath</doc>
<msg timestamp="20220801 10:46:14.047" level="INFO">@{email_adress} = [ gill_rohana@labadie.name ]</msg>
<status status="PASS" starttime="20220801 10:46:13.999" endtime="20220801 10:46:14.047"/>
</kw>
<kw name="Log To Console" library="BuiltIn">
<arg>@{email_adress}</arg>
<doc>Logs the given message to the console.</doc>
<status status="PASS" starttime="20220801 10:46:14.047" endtime="20220801 10:46:14.052"/>
</kw>
<kw name="Should Contain" library="BuiltIn">
<arg>${json_response}</arg>
<arg>email</arg>
<doc>Fails if ``container`` does not contain ``item`` one or more times.</doc>
<status status="PASS" starttime="20220801 10:46:14.052" endtime="20220801 10:46:14.053"/>
</kw>
<status status="PASS" starttime="20220801 10:46:13.203" endtime="20220801 10:46:14.054"/>
</kw>
<status status="PASS" starttime="20220801 10:46:13.201" endtime="20220801 10:46:14.055"/>
</test>
<test id="s1-t6" name="TC_006_Fetch_user_details_by_user_id" line="32">
<kw name="Get User Details by user id">
<kw name="Create Session" library="RequestsLibrary">
<arg>mysession</arg>
<arg>${Base_URl}</arg>
<doc>Create Session: create a HTTP session to a server</doc>
<msg timestamp="20220801 10:46:14.059" level="INFO">Creating Session using : alias=mysession, url=https://gorest.co.in, headers={},                     cookies={}, auth=None, timeout=None, proxies=None, verify=False,                     debug=0 </msg>
<status status="PASS" starttime="20220801 10:46:14.058" endtime="20220801 10:46:14.059"/>
</kw>
<kw name="GET On Session" library="RequestsLibrary">
<var>${get_response}</var>
<arg>mysession</arg>
<arg>/public/v2/users/${userid}</arg>
<doc>Sends a GET request on a previously created HTTP Session.</doc>
<msg timestamp="20220801 10:46:14.874" level="INFO">GET Request : url=https://gorest.co.in/public/v2/users/24 
 path_url=/public/v2/users/24 
 headers={'User-Agent': 'python-requests/2.28.1', 'Accept-Encoding': 'gzip, deflate', 'Accept': '*/*', 'Connection': 'keep-alive'} 
 body=None 
 </msg>
<msg timestamp="20220801 10:46:14.874" level="INFO">GET Response : url=https://gorest.co.in/public/v2/users/24 
 status=200, reason=OK 
 headers={'Date': 'Mon, 01 Aug 2022 05:16:14 GMT', 'Content-Type': 'application/json; charset=utf-8', 'Transfer-Encoding': 'chunked', 'Connection': 'keep-alive', 'Vary': 'Accept-Encoding, Origin', 'X-Frame-Options': 'SAMEORIGIN', 'X-XSS-Protection': '0', 'X-Content-Type-Options': 'nosniff', 'X-Download-Options': 'noopen', 'X-Permitted-Cross-Domain-Policies': 'none', 'Referrer-Policy': 'strict-origin-when-cross-origin', 'ETag': 'W/"00f0ccc730cdd28f58dcf15701a3762e"', 'Cache-Control': 'max-age=0, private, must-revalidate', 'X-Request-Id': '28b48d74-5991-423f-b6d3-cb005aaae219', 'X-Runtime': '0.003711', 'Strict-Transport-Security': 'max-age=63072000; includeSubDomains', 'Content-Encoding': 'gzip', 'CF-Cache-Status': 'DYNAMIC', 'Expect-CT': 'max-age=604800, report-uri="https://report-uri.cloudflare.com/cdn-cgi/beacon/expect-ct"', 'Report-To': '{"endpoints":[{"url":"https:\\/\\/a.nel.cloudflare.com\\/report\\/v3?s=LCYGRB2Fpz7zwip0fUcH5ra1dpL%2Fsk6CLshCtYkQ%2Bup05oCX1S0Q%2Bm%2FUsaCI9ptaTmF18HjoOZz6rTproHQ%2Fg9vc4VrvcQGFwVJx%2BfC9Q%2BY6zSmwiI%2BrpwPR15DolbsqOApf8xnuGHIi01o%3D"}],"group":"cf-nel","max_age":604800}', 'NEL': '{"success_fraction":0,"report_to":"cf-nel","max_age":604800}', 'Server': 'cloudflare', 'CF-RAY': '733c19c04e856eda-BOM', 'alt-svc': 'h3=":443"; ma=86400, h3-29=":443"; ma=86400'} 
 body={"id":24,"name":"Rohana Gill","email":"gill_rohana@labadie.name","gender":"male","status":"inactive"} 
 </msg>
<msg timestamp="20220801 10:46:14.874" level="INFO">C:\Users\DavangaG\PycharmProjects\ROBOTFRAMEWORK\venv\lib\site-packages\urllib3\connectionpool.py:1045: InsecureRequestWarning: Unverified HTTPS request is being made to host 'gorest.co.in'. Adding certificate verification is strongly advised. See: https://urllib3.readthedocs.io/en/1.26.x/advanced-usage.html#ssl-warnings
  warnings.warn(</msg>
<msg timestamp="20220801 10:46:14.881" level="INFO">${get_response} = &lt;Response [200]&gt;</msg>
<status status="PASS" starttime="20220801 10:46:14.059" endtime="20220801 10:46:14.881"/>
</kw>
<kw name="Log" library="BuiltIn">
<arg>to console ${get_response}</arg>
<doc>Logs the given message with the given level.</doc>
<msg timestamp="20220801 10:46:14.881" level="INFO">to console &lt;Response [200]&gt;</msg>
<status status="PASS" starttime="20220801 10:46:14.881" endtime="20220801 10:46:14.881"/>
</kw>
<kw name="Log" library="BuiltIn">
<arg>to console ${get_response.status_code}</arg>
<doc>Logs the given message with the given level.</doc>
<msg timestamp="20220801 10:46:14.882" level="INFO">to console 200</msg>
<status status="PASS" starttime="20220801 10:46:14.881" endtime="20220801 10:46:14.882"/>
</kw>
<kw name="Set Variable" library="BuiltIn">
<var>${json_response}</var>
<arg>${get_response.json()}</arg>
<doc>Returns the given values which can then be assigned to a variables.</doc>
<msg timestamp="20220801 10:46:14.882" level="INFO">${json_response} = {'id': 24, 'name': 'Rohana Gill', 'email': 'gill_rohana@labadie.name', 'gender': 'male', 'status': 'inactive'}</msg>
<status status="PASS" starttime="20220801 10:46:14.882" endtime="20220801 10:46:14.882"/>
</kw>
<kw name="Log To Console" library="BuiltIn">
<arg>${json_response}</arg>
<doc>Logs the given message to the console.</doc>
<status status="PASS" starttime="20220801 10:46:14.882" endtime="20220801 10:46:14.882"/>
</kw>
<kw name="Get Value From Json" library="JSONLibrary">
<var>${id}</var>
<arg>${json_response}</arg>
<arg>id</arg>
<doc>Get Value From JSON using JSONPath</doc>
<msg timestamp="20220801 10:46:14.918" level="INFO">${id} = [24]</msg>
<status status="PASS" starttime="20220801 10:46:14.882" endtime="20220801 10:46:14.918"/>
</kw>
<kw name="Get From List" library="Collections">
<var>${idFromList}</var>
<arg>${id}</arg>
<arg>0</arg>
<doc>Returns the value specified with an ``index`` from ``list``.</doc>
<msg timestamp="20220801 10:46:14.918" level="INFO">${idFromList} = 24</msg>
<status status="PASS" starttime="20220801 10:46:14.918" endtime="20220801 10:46:14.918"/>
</kw>
<kw name="Convert To String" library="BuiltIn">
<var>${idFromListAsString}</var>
<arg>${idFromList}</arg>
<doc>Converts the given item to a Unicode string.</doc>
<msg timestamp="20220801 10:46:14.918" level="INFO">${idFromListAsString} = 24</msg>
<status status="PASS" starttime="20220801 10:46:14.918" endtime="20220801 10:46:14.918"/>
</kw>
<kw name="Log To Console" library="BuiltIn">
<arg>${id}</arg>
<doc>Logs the given message to the console.</doc>
<status status="PASS" starttime="20220801 10:46:14.918" endtime="20220801 10:46:14.926"/>
</kw>
<kw name="Should Be Equal As Strings" library="BuiltIn">
<arg>${idFromListAsString}</arg>
<arg>${userid}</arg>
<doc>Fails if objects are unequal after converting them to strings.</doc>
<status status="PASS" starttime="20220801 10:46:14.926" endtime="20220801 10:46:14.926"/>
</kw>
<status status="PASS" starttime="20220801 10:46:14.058" endtime="20220801 10:46:14.926"/>
</kw>
<status status="PASS" starttime="20220801 10:46:14.057" endtime="20220801 10:46:14.927"/>
</test>
<test id="s1-t7" name="TC_007_Delete_User_by_id" line="35">
<kw name="Delete user by id">
<kw name="Create Session" library="RequestsLibrary">
<arg>mysession</arg>
<arg>${Base_URl}</arg>
<doc>Create Session: create a HTTP session to a server</doc>
<msg timestamp="20220801 10:46:14.930" level="INFO">Creating Session using : alias=mysession, url=https://gorest.co.in, headers={},                     cookies={}, auth=None, timeout=None, proxies=None, verify=False,                     debug=0 </msg>
<status status="PASS" starttime="20220801 10:46:14.930" endtime="20220801 10:46:14.930"/>
</kw>
<kw name="Create Dictionary" library="BuiltIn">
<var>${headers}</var>
<arg>Authorization=${bearertoken}</arg>
<doc>Creates and returns a dictionary based on the given ``items``.</doc>
<msg timestamp="20220801 10:46:14.930" level="INFO">${headers} = {'Authorization': '"Bearer 0b835b2ef92904c99ed311419f09ddb3bb4373669c586ac900c8200376f4874d"'}</msg>
<status status="PASS" starttime="20220801 10:46:14.930" endtime="20220801 10:46:14.930"/>
</kw>
<kw name="DELETE On Session" library="RequestsLibrary">
<var>${get_response}</var>
<arg>mysession</arg>
<arg>/public/v2/users/${delete_userid}</arg>
<arg>headers=${headers}</arg>
<doc>Sends a DELETE request on a previously created HTTP Session.</doc>
<msg timestamp="20220801 10:46:15.915" level="INFO">DELETE Request : url=https://gorest.co.in/public/v2/users/3553 
 path_url=/public/v2/users/3553 
 headers={'User-Agent': 'python-requests/2.28.1', 'Accept-Encoding': 'gzip, deflate', 'Accept': '*/*', 'Connection': 'keep-alive', 'Authorization': '"Bearer 0b835b2ef92904c99ed311419f09ddb3bb4373669c586ac900c8200376f4874d"', 'Content-Length': '0'} 
 body=None 
 </msg>
<msg timestamp="20220801 10:46:15.915" level="INFO">DELETE Response : url=https://gorest.co.in/public/v2/users/3553 
 status=404, reason=Not Found 
 headers={'Date': 'Mon, 01 Aug 2022 05:16:15 GMT', 'Content-Type': 'application/json; charset=utf-8', 'Transfer-Encoding': 'chunked', 'Connection': 'keep-alive', 'Vary': 'Accept-Encoding, Origin', 'X-Frame-Options': 'SAMEORIGIN', 'X-XSS-Protection': '0', 'X-Content-Type-Options': 'nosniff', 'X-Download-Options': 'noopen', 'X-Permitted-Cross-Domain-Policies': 'none', 'Referrer-Policy': 'strict-origin-when-cross-origin', 'Cache-Control': 'no-cache', 'X-Request-Id': '1be8d1d4-f619-4c5f-b7d3-ed6885da95f7', 'X-Runtime': '0.003839', 'Strict-Transport-Security': 'max-age=63072000; includeSubDomains', 'Content-Encoding': 'gzip', 'CF-Cache-Status': 'DYNAMIC', 'Expect-CT': 'max-age=604800, report-uri="https://report-uri.cloudflare.com/cdn-cgi/beacon/expect-ct"', 'Report-To': '{"endpoints":[{"url":"https:\\/\\/a.nel.cloudflare.com\\/report\\/v3?s=mVTzhWYuy0pzPdm1lCobhB%2FY9m5yRiF1N%2FbGqU%2BKNVBzeVmPvAlmLRQaryYHJKrB6Fv1fkvCTTCnUW%2FDAHo0hngZ%2Bcx5nlYSikhS2WVLD1Pslfx41Ovuanr1lzHqrllvdVYfwDe6KBEQLVM%3D"}],"group":"cf-nel","max_age":604800}', 'NEL': '{"success_fraction":0,"report_to":"cf-nel","max_age":604800}', 'Server': 'cloudflare', 'CF-RAY': '733c19c69b812e4c-BOM', 'alt-svc': 'h3=":443"; ma=86400, h3-29=":443"; ma=86400'} 
 body={"message":"Resource not found"} 
 </msg>
<msg timestamp="20220801 10:46:15.915" level="INFO">C:\Users\DavangaG\PycharmProjects\ROBOTFRAMEWORK\venv\lib\site-packages\urllib3\connectionpool.py:1045: InsecureRequestWarning: Unverified HTTPS request is being made to host 'gorest.co.in'. Adding certificate verification is strongly advised. See: https://urllib3.readthedocs.io/en/1.26.x/advanced-usage.html#ssl-warnings
  warnings.warn(</msg>
<msg timestamp="20220801 10:46:15.918" level="FAIL">HTTPError: 404 Client Error: Not Found for url: https://gorest.co.in/public/v2/users/3553</msg>
<status status="FAIL" starttime="20220801 10:46:14.930" endtime="20220801 10:46:15.935"/>
</kw>
<kw name="Status Should Be" library="RequestsLibrary">
<arg>204</arg>
<arg>${response}</arg>
<doc>Fails if response status code is different than the expected.</doc>
<status status="NOT RUN" starttime="20220801 10:46:15.935" endtime="20220801 10:46:15.935"/>
</kw>
<kw name="Log" library="BuiltIn">
<arg>to console ${response.status_code}</arg>
<doc>Logs the given message with the given level.</doc>
<status status="NOT RUN" starttime="20220801 10:46:15.935" endtime="20220801 10:46:15.935"/>
</kw>
<status status="FAIL" starttime="20220801 10:46:14.929" endtime="20220801 10:46:15.935"/>
</kw>
<status status="FAIL" starttime="20220801 10:46:14.929" endtime="20220801 10:46:15.941">HTTPError: 404 Client Error: Not Found for url: https://gorest.co.in/public/v2/users/3553</status>
</test>
<doc>API Testing in Robot Framework</doc>
<status status="FAIL" starttime="20220801 10:46:10.063" endtime="20220801 10:46:15.947"/>
</suite>
<statistics>
<total>
<stat pass="5" fail="2" skip="0">All Tests</stat>
</total>
<tag>
</tag>
<suite>
<stat pass="5" fail="2" skip="0" id="s1" name="Test Cases">Test Cases</stat>
</suite>
</statistics>
<errors>
<msg timestamp="20220801 10:46:10.024" level="ERROR">Error in file 'C:\Users\DavangaG\PycharmProjects\ROBOTFRAMEWORK\APITESTING\test_cases.robot' on line 6: Non-existing setting 'Library SeleniumLibrary'.</msg>
<msg timestamp="20220801 10:46:12.387" level="WARN">You might have an = symbol in url. You better place 'url=' before, example: 'url=/your-url/foo?param=a' or use '/your-url/foo  params=param=a' or escape it</msg>
</errors>
</robot>
